<?xml version="1.0" encoding="UTF-8"?>
<!-- Generated by org.testng.reporters.JUnitReportReporter -->
<testsuite hostname="ADTS-PC" failures="0" tests="2" name="testng_scripts.Sample2" time="30.991" errors="0" timestamp="2024-02-21T10:34:04 IST" skipped="0">
  <testcase classname="testng_scripts.Sample2" name="launchFireInsta2" time="15.371"/>
  <system-out>
    <![CDATA[Hello
Selenium
Sample1 Instamethod called]]>
  </system-out>
  <testcase classname="testng_scripts.Sample2" name="launchFireFace1" time="15.620"/>
  <system-out>
    <![CDATA[Hello
Selenium
Sample1 Face method called]]>
  </system-out>
</testsuite> <!-- testng_scripts.Sample2 -->
