<?xml version="1.0" encoding="UTF-8"?>
<!-- Generated by org.testng.reporters.JUnitReportReporter -->
<testsuite hostname="ADTS-PC" failures="0" tests="1" name="testng_scripts.Properties1" time="0.015" errors="0" timestamp="2024-03-04T10:32:49 IST" skipped="0">
  <testcase classname="testng_scripts.Properties1" name="fetchProp" time="0.015"/>
  <system-out/>
</testsuite> <!-- testng_scripts.Properties1 -->
