<?xml version="1.0" encoding="UTF-8"?>
<!-- Generated by org.testng.reporters.JUnitReportReporter -->
<testsuite hostname="ADTS-PC" failures="0" tests="1" name="runner.Runner_Amazon" time="15.892" errors="0" timestamp="2024-02-28T22:34:09 IST" skipped="0">
  <testcase classname="runner.Runner_Amazon" name="runAmazon" time="15.892"/>
  <system-out/>
</testsuite> <!-- runner.Runner_Amazon -->
