<?xml version="1.0" encoding="UTF-8"?>
<!-- Generated by org.testng.reporters.JUnitReportReporter -->
<testsuite hostname="ADTS-PC" failures="0" tests="1" name="pom_scripts.Runner_FBlogin" time="17.020" errors="0" timestamp="2024-02-28T09:25:19 IST" skipped="0">
  <testcase classname="pom_scripts.Runner_FBlogin" name="fbLogin" time="17.020"/>
  <system-out/>
</testsuite> <!-- pom_scripts.Runner_FBlogin -->
