<?xml version="1.0" encoding="UTF-8"?>
<!-- Generated by org.testng.reporters.JUnitReportReporter -->
<testsuite hostname="ADTS-PC" failures="0" tests="1" name="dropdown.Dd_sorttreeset" time="8.279" errors="0" timestamp="2024-02-24T10:22:20 IST" skipped="0">
  <testcase classname="dropdown.Dd_sorttreeset" name="sortDdOptions_reverse" time="8.279"/>
  <system-out/>
</testsuite> <!-- dropdown.Dd_sorttreeset -->
