<?xml version="1.0" encoding="UTF-8"?>
<!-- Generated by org.testng.reporters.JUnitReportReporter -->
<testsuite hostname="ADTS-PC" failures="0" tests="1" name="testng_scripts.RunnerFB" time="5.321" errors="0" timestamp="2024-03-07T09:42:11 IST" skipped="0">
  <testcase classname="testng_scripts.RunnerFB" name="runFB" time="5.321"/>
  <system-out/>
</testsuite> <!-- testng_scripts.RunnerFB -->
