<?xml version="1.0" encoding="UTF-8"?>
<!-- Generated by org.testng.reporters.JUnitReportReporter -->
<testsuite hostname="ADTS-PC" failures="0" tests="3" name="testng_scripts.Group1" time="0.021" errors="0" timestamp="2024-03-05T10:29:35 IST" skipped="0">
  <testcase classname="testng_scripts.Group1" name="test3" time="0.002"/>
  <system-out/>
  <testcase classname="testng_scripts.Group1" name="test2" time="0.004"/>
  <system-out/>
  <testcase classname="testng_scripts.Group1" name="test1" time="0.015"/>
  <system-out/>
</testsuite> <!-- testng_scripts.Group1 -->
