<?xml version="1.0" encoding="UTF-8"?>
<!-- Generated by org.testng.reporters.JUnitReportReporter -->
<testsuite hostname="ADTS-PC" failures="0" tests="1" name="testng_scripts.facebook_launch" time="10.171" errors="0" timestamp="2024-02-20T10:29:07 IST" skipped="0">
  <testcase classname="testng_scripts.facebook_launch" name="facepage" time="10.171"/>
  <system-out/>
</testsuite> <!-- testng_scripts.facebook_launch -->
