<?xml version="1.0" encoding="UTF-8"?>
<!-- Generated by org.testng.reporters.JUnitReportReporter -->
<testsuite hostname="ADTS-PC" failures="0" tests="2" name="testng_scripts.Sample1" time="30.425" errors="0" timestamp="2024-02-21T10:34:04 IST" skipped="0">
  <testcase classname="testng_scripts.Sample1" name="launchFireFace" time="15.564"/>
  <system-out>
    <![CDATA[Hello
Selenium]]>
  </system-out>
  <testcase classname="testng_scripts.Sample1" name="launchFireInsta" time="14.861"/>
  <system-out>
    <![CDATA[Hello
Selenium]]>
  </system-out>
</testsuite> <!-- testng_scripts.Sample1 -->
