<?xml version="1.0" encoding="UTF-8"?>
<!-- Generated by org.testng.reporters.JUnitReportReporter -->
<testsuite hostname="ADTS-PC" failures="0" tests="3" name="testng_scripts.DataProvRunner" time="0.016" errors="0" timestamp="2024-03-06T09:48:47 IST" skipped="0">
  <testcase classname="testng_scripts.DataProvRunner" name="loginTest" time="0.002"/>
  <system-out/>
  <testcase classname="testng_scripts.DataProvRunner" name="loginTest" time="0.003"/>
  <system-out/>
  <testcase classname="testng_scripts.DataProvRunner" name="loginTest" time="0.011"/>
  <system-out/>
</testsuite> <!-- testng_scripts.DataProvRunner -->
