<?xml version="1.0" encoding="UTF-8"?>
<!-- Generated by org.testng.reporters.JUnitReportReporter -->
<testsuite hostname="ADTS-PC" failures="0" tests="1" name="testng_scripts.Instagram_login" time="10.561" errors="0" timestamp="2024-02-21T10:06:31 IST" skipped="0">
  <testcase classname="testng_scripts.Instagram_login" name="login" time="10.561"/>
  <system-out/>
</testsuite> <!-- testng_scripts.Instagram_login -->
