<?xml version="1.0" encoding="UTF-8"?>
<!-- Generated by org.testng.reporters.JUnitReportReporter -->
<testsuite hostname="ADTS-PC" failures="0" tests="2" name="testng_scripts.Runner1" time="12.808" errors="0" timestamp="2024-02-26T09:57:02 IST" skipped="0">
  <testcase classname="testng_scripts.Runner1" name="removeCred" time="8.636"/>
  <system-out/>
  <testcase classname="testng_scripts.Runner1" name="validLogin" time="4.172"/>
  <system-out/>
</testsuite> <!-- testng_scripts.Runner1 -->
