<?xml version="1.0" encoding="UTF-8"?>
<!-- Generated by org.testng.reporters.JUnitReportReporter -->
<testsuite hostname="ADTS-PC" failures="0" tests="2" name="testng_scripts.Assert_title" time="17.661" errors="0" timestamp="2024-02-26T11:21:45 IST" skipped="0">
  <testcase classname="testng_scripts.Assert_title" name="checkPartialTitle" time="9.187"/>
  <system-out/>
  <testcase classname="testng_scripts.Assert_title" name="checkTitle" time="8.474"/>
  <system-out/>
</testsuite> <!-- testng_scripts.Assert_title -->
