<?xml version="1.0" encoding="UTF-8"?>
<!-- Generated by org.testng.reporters.JUnitReportReporter -->
<testsuite hostname="ADTS-PC" failures="0" tests="3" name="testng_scripts.Parallel_Exec1" time="62.732" errors="0" timestamp="2024-02-29T11:07:28 IST" skipped="0">
  <testcase classname="testng_scripts.Parallel_Exec1" name="exec" time="18.290"/>
  <system-out/>
  <testcase classname="testng_scripts.Parallel_Exec1" name="exec" time="16.443"/>
  <system-out/>
  <testcase classname="testng_scripts.Parallel_Exec1" name="exec" time="27.999"/>
  <system-out/>
</testsuite> <!-- testng_scripts.Parallel_Exec1 -->
