<?xml version="1.0" encoding="UTF-8"?>
<!-- Generated by org.testng.reporters.JUnitReportReporter -->
<testsuite hostname="ADTS-PC" failures="0" tests="1" name="dropdown.Dropdown_sort" time="8.538" errors="0" timestamp="2024-02-24T10:06:28 IST" skipped="0">
  <testcase classname="dropdown.Dropdown_sort" name="sortDdOptions" time="8.538"/>
  <system-out/>
</testsuite> <!-- dropdown.Dropdown_sort -->
