<?xml version="1.0" encoding="UTF-8"?>
<!-- Generated by org.testng.reporters.JUnitReportReporter -->
<testsuite hostname="ADTS-PC" failures="0" tests="2" name="pack1.demo1" time="29.649" errors="0" timestamp="2024-02-23T09:20:20 IST" skipped="0">
  <testcase classname="pack1.demo1" name="launchFireFace" time="15.292"/>
  <system-out>
    <![CDATA[Hello
Selenium]]>
  </system-out>
  <testcase classname="pack1.demo1" name="launchFireInsta" time="14.357"/>
  <system-out>
    <![CDATA[Hello
Selenium]]>
  </system-out>
</testsuite> <!-- pack1.demo1 -->
