<?xml version="1.0" encoding="UTF-8"?>
<!-- Generated by org.testng.reporters.JUnitReportReporter -->
<testsuite hostname="ADTS-PC" failures="0" tests="1" name="pom_scripts.RunnerScript1" time="12.751" errors="0" timestamp="2024-02-27T11:03:31 IST" skipped="0">
  <testcase classname="pom_scripts.RunnerScript1" name="fbLogin" time="12.751"/>
  <system-out/>
</testsuite> <!-- pom_scripts.RunnerScript1 -->
